c:\users\mariojulio\dropbox\digipen\cs560 - animation\1_hierarchical\1_hierarchical\graphics\graphics\debug\vc140.pdb
c:\users\mariojulio\dropbox\digipen\cs560 - animation\1_hierarchical\1_hierarchical\graphics\graphics\debug\vc140.idb
c:\users\mariojulio\dropbox\digipen\cs560 - animation\1_hierarchical\1_hierarchical\graphics\graphics\debug\quaternion.obj
c:\users\mariojulio\dropbox\digipen\cs560 - animation\1_hierarchical\1_hierarchical\graphics\graphics\debug\rayplaneintersectevaluatorcomponent.obj
c:\users\mariojulio\dropbox\digipen\cs560 - animation\1_hierarchical\1_hierarchical\graphics\graphics\debug\render2d.obj
c:\users\mariojulio\dropbox\digipen\cs560 - animation\1_hierarchical\1_hierarchical\graphics\graphics\debug\render3d.obj
c:\users\mariojulio\dropbox\digipen\cs560 - animation\1_hierarchical\1_hierarchical\graphics\graphics\debug\globject.obj
c:\users\mariojulio\dropbox\digipen\cs560 - animation\1_hierarchical\1_hierarchical\graphics\graphics\debug\rendermanager.obj
c:\users\mariojulio\dropbox\digipen\cs560 - animation\1_hierarchical\1_hierarchical\graphics\graphics\debug\resourcemanager.obj
c:\users\mariojulio\dropbox\digipen\cs560 - animation\1_hierarchical\1_hierarchical\graphics\graphics\debug\shader.obj
c:\users\mariojulio\dropbox\digipen\cs560 - animation\1_hierarchical\1_hierarchical\graphics\graphics\debug\shape.obj
c:\users\mariojulio\dropbox\digipen\cs560 - animation\1_hierarchical\1_hierarchical\graphics\graphics\debug\spawnercomponent.obj
c:\users\mariojulio\dropbox\digipen\cs560 - animation\1_hierarchical\1_hierarchical\graphics\graphics\debug\spline.obj
c:\users\mariojulio\dropbox\digipen\cs560 - animation\1_hierarchical\1_hierarchical\graphics\graphics\debug\splinepathgeneratorcomponent.obj
c:\users\mariojulio\dropbox\digipen\cs560 - animation\1_hierarchical\1_hierarchical\graphics\graphics\debug\texture.obj
c:\users\mariojulio\dropbox\digipen\cs560 - animation\1_hierarchical\1_hierarchical\graphics\graphics\debug\transform.obj
c:\users\mariojulio\dropbox\digipen\cs560 - animation\1_hierarchical\1_hierarchical\graphics\graphics\debug\transformcomponent.obj
c:\users\mariojulio\dropbox\digipen\cs560 - animation\1_hierarchical\1_hierarchical\graphics\graphics\debug\uilightcontroller.obj
c:\users\mariojulio\dropbox\digipen\cs560 - animation\1_hierarchical\1_hierarchical\graphics\graphics\debug\uimanager.obj
c:\users\mariojulio\dropbox\digipen\cs560 - animation\1_hierarchical\1_hierarchical\graphics\graphics\debug\uiquad.obj
c:\users\mariojulio\dropbox\digipen\cs560 - animation\1_hierarchical\1_hierarchical\graphics\graphics\debug\uiupdatercomponent.obj
c:\users\mariojulio\dropbox\digipen\cs560 - animation\1_hierarchical\1_hierarchical\graphics\graphics\debug\vqs.obj
c:\users\mariojulio\dropbox\digipen\cs560 - animation\1_hierarchical\1_hierarchical\graphics\graphics\debug\linecomponent.obj
c:\users\mariojulio\dropbox\digipen\cs560 - animation\1_hierarchical\1_hierarchical\graphics\graphics\debug\locallightmovercomponent.obj
c:\users\mariojulio\dropbox\digipen\cs560 - animation\1_hierarchical\1_hierarchical\graphics\graphics\debug\mesh.obj
c:\users\mariojulio\dropbox\digipen\cs560 - animation\1_hierarchical\1_hierarchical\graphics\graphics\debug\mjfbximporter.obj
c:\users\mariojulio\dropbox\digipen\cs560 - animation\1_hierarchical\1_hierarchical\graphics\graphics\debug\font.obj
c:\users\mariojulio\dropbox\digipen\cs560 - animation\1_hierarchical\1_hierarchical\graphics\graphics\debug\frameratecontroller.obj
c:\users\mariojulio\dropbox\digipen\cs560 - animation\1_hierarchical\1_hierarchical\graphics\graphics\debug\gameobject.obj
c:\users\mariojulio\dropbox\digipen\cs560 - animation\1_hierarchical\1_hierarchical\graphics\graphics\debug\imgui.obj
c:\users\mariojulio\dropbox\digipen\cs560 - animation\1_hierarchical\1_hierarchical\graphics\graphics\debug\imgui_demo.obj
c:\users\mariojulio\dropbox\digipen\cs560 - animation\1_hierarchical\1_hierarchical\graphics\graphics\debug\imgui_draw.obj
c:\users\mariojulio\dropbox\digipen\cs560 - animation\1_hierarchical\1_hierarchical\graphics\graphics\debug\inputmanager.obj
c:\users\mariojulio\dropbox\digipen\cs560 - animation\1_hierarchical\1_hierarchical\graphics\graphics\debug\main.obj
c:\users\mariojulio\dropbox\digipen\cs560 - animation\1_hierarchical\1_hierarchical\graphics\graphics\debug\mjimgui.obj
c:\users\mariojulio\dropbox\digipen\cs560 - animation\1_hierarchical\1_hierarchical\graphics\graphics\debug\mousemanager.obj
c:\users\mariojulio\dropbox\digipen\cs560 - animation\1_hierarchical\1_hierarchical\graphics\graphics\debug\modelloader.obj
c:\users\mariojulio\dropbox\digipen\cs560 - animation\1_hierarchical\1_hierarchical\graphics\graphics\debug\move2dcomponent.obj
c:\users\mariojulio\dropbox\digipen\cs560 - animation\1_hierarchical\1_hierarchical\graphics\graphics\debug\move3dcomponent.obj
c:\users\mariojulio\dropbox\digipen\cs560 - animation\1_hierarchical\1_hierarchical\graphics\graphics\debug\movealongpathcomponent.obj
c:\users\mariojulio\dropbox\digipen\cs560 - animation\1_hierarchical\1_hierarchical\graphics\graphics\debug\paintercomponent.obj
c:\users\mariojulio\dropbox\digipen\cs560 - animation\1_hierarchical\1_hierarchical\graphics\graphics\debug\physicsmanager.obj
c:\users\mariojulio\dropbox\digipen\cs560 - animation\1_hierarchical\1_hierarchical\graphics\graphics\debug\aabb.obj
c:\users\mariojulio\dropbox\digipen\cs560 - animation\1_hierarchical\1_hierarchical\graphics\graphics\debug\animationdata.obj
c:\users\mariojulio\dropbox\digipen\cs560 - animation\1_hierarchical\1_hierarchical\graphics\graphics\debug\bodycomponent.obj
c:\users\mariojulio\dropbox\digipen\cs560 - animation\1_hierarchical\1_hierarchical\graphics\graphics\debug\bone.obj
c:\users\mariojulio\dropbox\digipen\cs560 - animation\1_hierarchical\1_hierarchical\graphics\graphics\debug\camera3d.obj
c:\users\mariojulio\dropbox\digipen\cs560 - animation\1_hierarchical\1_hierarchical\graphics\graphics\debug\camera2d.obj
c:\users\mariojulio\dropbox\digipen\cs560 - animation\1_hierarchical\1_hierarchical\graphics\graphics\debug\circle.obj
c:\users\mariojulio\dropbox\digipen\cs560 - animation\1_hierarchical\1_hierarchical\graphics\graphics\debug\collisionmanager.obj
c:\users\mariojulio\dropbox\digipen\cs560 - animation\1_hierarchical\1_hierarchical\graphics\graphics\debug\component.obj
c:\users\mariojulio\dropbox\digipen\cs560 - animation\1_hierarchical\1_hierarchical\graphics\graphics\debug\dummyrotationcomponent.obj
c:\users\mariojulio\dropbox\digipen\cs560 - animation\1_hierarchical\1_hierarchical\graphics\graphics\debug\event.obj
c:\users\mariojulio\dropbox\digipen\cs560 - animation\1_hierarchical\1_hierarchical\graphics\graphics\debug\eventmanager.obj
c:\users\mariojulio\dropbox\digipen\cs560 - animation\1_hierarchical\1_hierarchical\graphics\graphics\debug\fbo.obj
c:\users\mariojulio\dropbox\digipen\cs560 - animation\1_hierarchical\1_hierarchical\graphics\graphics\debug\followmecomponent.obj
c:\users\mariojulio\dropbox\digipen\cs560 - animation\1_hierarchical\1_hierarchical\graphics\graphics\debug\gbuffer.obj
c:\users\mariojulio\dropbox\digipen\cs560 - animation\1_hierarchical\1_hierarchical\graphics\graphics\debug\keyframeanimationcomponent.obj
c:\users\mariojulio\dropbox\digipen\cs560 - animation\1_hierarchical\1_hierarchical\graphics\graphics\debug\lightpointcomponent.obj
c:\users\mariojulio\dropbox\digipen\cs560 - animation\1_hierarchical\1_hierarchical\graphics\graphics\debug\ccdinterpolate.obj
c:\users\mariojulio\dropbox\digipen\cs560 - animation\1_hierarchical\1_hierarchical\graphics\graphics\debug\pyshics3dmanager.obj
c:\users\mariojulio\dropbox\digipen\cs560 - animation\1_hierarchical\1_hierarchical\graphics\graphics\debug\clothcomponent.obj
c:\users\mariojulio\dropbox\digipen\cs560 - animation\1_hierarchical\1_hierarchical\graphics\graphics\debug\spring.obj
c:\users\mariojulio\dropbox\digipen\cs560 - animation\1_hierarchical\1_hierarchical\graphics\graphics\debug\particle.obj
c:\users\mariojulio\dropbox\digipen\cs560 - animation\1_hierarchical\1_hierarchical\graphics\debug\graphics.ilk
c:\users\mariojulio\dropbox\digipen\cs560 - animation\1_hierarchical\1_hierarchical\graphics\debug\graphics.exe
c:\users\mariojulio\dropbox\digipen\cs560 - animation\1_hierarchical\1_hierarchical\graphics\debug\graphics.pdb
c:\users\mariojulio\dropbox\digipen\cs560 - animation\1_hierarchical\1_hierarchical\graphics\graphics\debug\graphics.tlog\cl.command.1.tlog
c:\users\mariojulio\dropbox\digipen\cs560 - animation\1_hierarchical\1_hierarchical\graphics\graphics\debug\graphics.tlog\cl.read.1.tlog
c:\users\mariojulio\dropbox\digipen\cs560 - animation\1_hierarchical\1_hierarchical\graphics\graphics\debug\graphics.tlog\cl.write.1.tlog
c:\users\mariojulio\dropbox\digipen\cs560 - animation\1_hierarchical\1_hierarchical\graphics\graphics\debug\graphics.tlog\link.command.1.tlog
c:\users\mariojulio\dropbox\digipen\cs560 - animation\1_hierarchical\1_hierarchical\graphics\graphics\debug\graphics.tlog\link.read.1.tlog
c:\users\mariojulio\dropbox\digipen\cs560 - animation\1_hierarchical\1_hierarchical\graphics\graphics\debug\graphics.tlog\link.write.1.tlog
