  VQS.cpp
  VQM.cpp
  UIUpdaterComponent.cpp
  UIManager.cpp
  UILightController.cpp
  TransformComponent.cpp
  Transform.cpp
  SplinePathGeneratorComponent.cpp
  SpawnerComponent.cpp
  Shader.cpp
  ResourceManager.cpp
  RenderManager.cpp
  Render3D.cpp
  Render2D.cpp
  RayPlaneIntersectEvaluatorComponent.cpp
  Pyshics3DManager.cpp
  PainterComponent.cpp
  MoveAlongPathComponent.cpp
  Move3DComponent.cpp
  Move2DComponent.cpp
  Generating Code...
  Compiling...
  Mesh.cpp
  Main.cpp
  MJFBXImporter.cpp
  LocalLightMoverComponent.cpp
  LineComponent.cpp
  LightPointComponent.cpp
  KeyFrameAnimationComponent.cpp
  GameObject.cpp
  GLObject.cpp
  FollowMeComponent.cpp
c:\users\mariojulio\dropbox\digipen\cs560 - animation\1_hierarchical\1_hierarchical\graphics\graphics\followmecomponent.cpp(166): warning C4305: '=': truncation from 'double' to 'float'
  DummyRotationComponent.cpp
  ClothComponent.cpp
  Circle.cpp
  Camera3D.cpp
  Bone.cpp
  BodyComponent.cpp
  AnimationData.cpp
  AABB.cpp
  Generating Code...
  Graphics.vcxproj -> C:\Users\Mariojulio\Dropbox\DigiPen\CS560 - Animation\1_Hierarchical\1_Hierarchical\graphics\Debug\Graphics.exe
