c:\users\mariojulio\dropbox\digipen\cs560 - animation\1_hierarchical\1_hierarchical\graphics\graphics\release\vc140.pdb
c:\users\mariojulio\dropbox\digipen\cs560 - animation\1_hierarchical\1_hierarchical\graphics\graphics\release\mesh.obj
c:\users\mariojulio\dropbox\digipen\cs560 - animation\1_hierarchical\1_hierarchical\graphics\graphics\release\locallightmovercomponent.obj
c:\users\mariojulio\dropbox\digipen\cs560 - animation\1_hierarchical\1_hierarchical\graphics\graphics\release\linecomponent.obj
c:\users\mariojulio\dropbox\digipen\cs560 - animation\1_hierarchical\1_hierarchical\graphics\graphics\release\lightpointcomponent.obj
c:\users\mariojulio\dropbox\digipen\cs560 - animation\1_hierarchical\1_hierarchical\graphics\graphics\release\keyframeanimationcomponent.obj
c:\users\mariojulio\dropbox\digipen\cs560 - animation\1_hierarchical\1_hierarchical\graphics\graphics\release\gbuffer.obj
c:\users\mariojulio\dropbox\digipen\cs560 - animation\1_hierarchical\1_hierarchical\graphics\graphics\release\followmecomponent.obj
c:\users\mariojulio\dropbox\digipen\cs560 - animation\1_hierarchical\1_hierarchical\graphics\graphics\release\fbo.obj
c:\users\mariojulio\dropbox\digipen\cs560 - animation\1_hierarchical\1_hierarchical\graphics\graphics\release\eventmanager.obj
c:\users\mariojulio\dropbox\digipen\cs560 - animation\1_hierarchical\1_hierarchical\graphics\graphics\release\event.obj
c:\users\mariojulio\dropbox\digipen\cs560 - animation\1_hierarchical\1_hierarchical\graphics\graphics\release\dummyrotationcomponent.obj
c:\users\mariojulio\dropbox\digipen\cs560 - animation\1_hierarchical\1_hierarchical\graphics\graphics\release\component.obj
c:\users\mariojulio\dropbox\digipen\cs560 - animation\1_hierarchical\1_hierarchical\graphics\graphics\release\collisionmanager.obj
c:\users\mariojulio\dropbox\digipen\cs560 - animation\1_hierarchical\1_hierarchical\graphics\graphics\release\circle.obj
c:\users\mariojulio\dropbox\digipen\cs560 - animation\1_hierarchical\1_hierarchical\graphics\graphics\release\camera2d.obj
c:\users\mariojulio\dropbox\digipen\cs560 - animation\1_hierarchical\1_hierarchical\graphics\graphics\release\camera3d.obj
c:\users\mariojulio\dropbox\digipen\cs560 - animation\1_hierarchical\1_hierarchical\graphics\graphics\release\bone.obj
c:\users\mariojulio\dropbox\digipen\cs560 - animation\1_hierarchical\1_hierarchical\graphics\graphics\release\bodycomponent.obj
c:\users\mariojulio\dropbox\digipen\cs560 - animation\1_hierarchical\1_hierarchical\graphics\graphics\release\animationdata.obj
c:\users\mariojulio\dropbox\digipen\cs560 - animation\1_hierarchical\1_hierarchical\graphics\graphics\release\aabb.obj
c:\users\mariojulio\dropbox\digipen\cs560 - animation\1_hierarchical\1_hierarchical\graphics\graphics\release\render2d.obj
c:\users\mariojulio\dropbox\digipen\cs560 - animation\1_hierarchical\1_hierarchical\graphics\graphics\release\rayplaneintersectevaluatorcomponent.obj
c:\users\mariojulio\dropbox\digipen\cs560 - animation\1_hierarchical\1_hierarchical\graphics\graphics\release\quaternion.obj
c:\users\mariojulio\dropbox\digipen\cs560 - animation\1_hierarchical\1_hierarchical\graphics\graphics\release\physicsmanager.obj
c:\users\mariojulio\dropbox\digipen\cs560 - animation\1_hierarchical\1_hierarchical\graphics\graphics\release\paintercomponent.obj
c:\users\mariojulio\dropbox\digipen\cs560 - animation\1_hierarchical\1_hierarchical\graphics\graphics\release\movealongpathcomponent.obj
c:\users\mariojulio\dropbox\digipen\cs560 - animation\1_hierarchical\1_hierarchical\graphics\graphics\release\move3dcomponent.obj
c:\users\mariojulio\dropbox\digipen\cs560 - animation\1_hierarchical\1_hierarchical\graphics\graphics\release\move2dcomponent.obj
c:\users\mariojulio\dropbox\digipen\cs560 - animation\1_hierarchical\1_hierarchical\graphics\graphics\release\modelloader.obj
c:\users\mariojulio\dropbox\digipen\cs560 - animation\1_hierarchical\1_hierarchical\graphics\graphics\release\mousemanager.obj
c:\users\mariojulio\dropbox\digipen\cs560 - animation\1_hierarchical\1_hierarchical\graphics\graphics\release\mjimgui.obj
c:\users\mariojulio\dropbox\digipen\cs560 - animation\1_hierarchical\1_hierarchical\graphics\graphics\release\main.obj
c:\users\mariojulio\dropbox\digipen\cs560 - animation\1_hierarchical\1_hierarchical\graphics\graphics\release\inputmanager.obj
c:\users\mariojulio\dropbox\digipen\cs560 - animation\1_hierarchical\1_hierarchical\graphics\graphics\release\imgui_draw.obj
c:\users\mariojulio\dropbox\digipen\cs560 - animation\1_hierarchical\1_hierarchical\graphics\graphics\release\imgui_demo.obj
c:\users\mariojulio\dropbox\digipen\cs560 - animation\1_hierarchical\1_hierarchical\graphics\graphics\release\imgui.obj
c:\users\mariojulio\dropbox\digipen\cs560 - animation\1_hierarchical\1_hierarchical\graphics\graphics\release\gameobject.obj
c:\users\mariojulio\dropbox\digipen\cs560 - animation\1_hierarchical\1_hierarchical\graphics\graphics\release\frameratecontroller.obj
c:\users\mariojulio\dropbox\digipen\cs560 - animation\1_hierarchical\1_hierarchical\graphics\graphics\release\font.obj
c:\users\mariojulio\dropbox\digipen\cs560 - animation\1_hierarchical\1_hierarchical\graphics\graphics\release\mjfbximporter.obj
c:\users\mariojulio\dropbox\digipen\cs560 - animation\1_hierarchical\1_hierarchical\graphics\graphics\release\vqs.obj
c:\users\mariojulio\dropbox\digipen\cs560 - animation\1_hierarchical\1_hierarchical\graphics\graphics\release\uiupdatercomponent.obj
c:\users\mariojulio\dropbox\digipen\cs560 - animation\1_hierarchical\1_hierarchical\graphics\graphics\release\uiquad.obj
c:\users\mariojulio\dropbox\digipen\cs560 - animation\1_hierarchical\1_hierarchical\graphics\graphics\release\uimanager.obj
c:\users\mariojulio\dropbox\digipen\cs560 - animation\1_hierarchical\1_hierarchical\graphics\graphics\release\uilightcontroller.obj
c:\users\mariojulio\dropbox\digipen\cs560 - animation\1_hierarchical\1_hierarchical\graphics\graphics\release\transformcomponent.obj
c:\users\mariojulio\dropbox\digipen\cs560 - animation\1_hierarchical\1_hierarchical\graphics\graphics\release\transform.obj
c:\users\mariojulio\dropbox\digipen\cs560 - animation\1_hierarchical\1_hierarchical\graphics\graphics\release\texture.obj
c:\users\mariojulio\dropbox\digipen\cs560 - animation\1_hierarchical\1_hierarchical\graphics\graphics\release\splinepathgeneratorcomponent.obj
c:\users\mariojulio\dropbox\digipen\cs560 - animation\1_hierarchical\1_hierarchical\graphics\graphics\release\spline.obj
c:\users\mariojulio\dropbox\digipen\cs560 - animation\1_hierarchical\1_hierarchical\graphics\graphics\release\spawnercomponent.obj
c:\users\mariojulio\dropbox\digipen\cs560 - animation\1_hierarchical\1_hierarchical\graphics\graphics\release\shape.obj
c:\users\mariojulio\dropbox\digipen\cs560 - animation\1_hierarchical\1_hierarchical\graphics\graphics\release\shader.obj
c:\users\mariojulio\dropbox\digipen\cs560 - animation\1_hierarchical\1_hierarchical\graphics\graphics\release\resourcemanager.obj
c:\users\mariojulio\dropbox\digipen\cs560 - animation\1_hierarchical\1_hierarchical\graphics\graphics\release\rendermanager.obj
c:\users\mariojulio\dropbox\digipen\cs560 - animation\1_hierarchical\1_hierarchical\graphics\graphics\release\globject.obj
c:\users\mariojulio\dropbox\digipen\cs560 - animation\1_hierarchical\1_hierarchical\graphics\graphics\release\render3d.obj
c:\users\mariojulio\dropbox\digipen\cs560 - animation\1_hierarchical\1_hierarchical\graphics\release\graphics.exe
c:\users\mariojulio\dropbox\digipen\cs560 - animation\1_hierarchical\1_hierarchical\graphics\release\graphics.ipdb
c:\users\mariojulio\dropbox\digipen\cs560 - animation\1_hierarchical\1_hierarchical\graphics\release\graphics.iobj
c:\users\mariojulio\dropbox\digipen\cs560 - animation\1_hierarchical\1_hierarchical\graphics\release\graphics.pdb
c:\users\mariojulio\dropbox\digipen\cs560 - animation\1_hierarchical\1_hierarchical\graphics\graphics\release\graphics.tlog\cl.command.1.tlog
c:\users\mariojulio\dropbox\digipen\cs560 - animation\1_hierarchical\1_hierarchical\graphics\graphics\release\graphics.tlog\cl.read.1.tlog
c:\users\mariojulio\dropbox\digipen\cs560 - animation\1_hierarchical\1_hierarchical\graphics\graphics\release\graphics.tlog\cl.write.1.tlog
c:\users\mariojulio\dropbox\digipen\cs560 - animation\1_hierarchical\1_hierarchical\graphics\graphics\release\graphics.tlog\link.command.1.tlog
c:\users\mariojulio\dropbox\digipen\cs560 - animation\1_hierarchical\1_hierarchical\graphics\graphics\release\graphics.tlog\link.read.1.tlog
c:\users\mariojulio\dropbox\digipen\cs560 - animation\1_hierarchical\1_hierarchical\graphics\graphics\release\graphics.tlog\link.write.1.tlog
